<?xml version="1.0" encoding="UTF-8"?>
<testsuite name="vea.raceremote.control.FirmwareFleetTest" tests="1" skipped="0" failures="1" errors="0" timestamp="2026-09-15T17:20:12" hostname="DESKTOP-LR64B4F" time="0.259">
  <properties/>
  <testcase name="sixCarsKeepTheirOwnersAndIsolateLossOfOneLink" classname="vea.raceremote.control.FirmwareFleetTest" time="0.259">
    <failure message="java.lang.AssertionError: Second connection stole car 0 expected:&lt;1&gt; but was:&lt;2&gt;" type="java.lang.AssertionError">java.lang.AssertionError: Second connection stole car 0 expected:&lt;1&gt; but was:&lt;2&gt;
	at org.junit.Assert.fail(Assert.java:88)
	at org.junit.Assert.failNotEquals(Assert.java:834)
	at org.junit.Assert.assertEquals(Assert.java:118)
	at vea.raceremote.control.FirmwareFleetTest.sixCarsKeepTheirOwnersAndIsolateLossOfOneLink(FirmwareFleetTest.kt:65)
	at java.base/jdk.internal.reflect.NativeMethodAccessorImpl.invoke0(Native Method)
	at java.base/jdk.internal.reflect.NativeMethodAccessorImpl.invoke(NativeMethodAccessorImpl.java:77)
	at java.base/jdk.internal.reflect.DelegatingMethodAccessorImpl.invoke(DelegatingMethodAccessorImpl.java:43)
	at java.base/java.lang.reflect.Method.invoke(Method.java:568)
	at org.junit.runners.model.FrameworkMethod$1.runReflectiveCall(FrameworkMethod.java:50)
	at org.junit.internal.runners.model.ReflectiveCallable.run(ReflectiveCallable.java:12)
	at org.junit.runners.model.FrameworkMethod.invokeExplosively(FrameworkMethod.java:47)
	at org.junit.internal.runners.statements.InvokeMethod.evaluate(InvokeMethod.java:17)
	at org.junit.runners.ParentRunner.runLeaf(ParentRunner.java:325)
	at org.junit.runners.BlockJUnit4ClassRunner.runChild(BlockJUnit4ClassRunner.java:78)
	at org.junit.runners.BlockJUnit4ClassRunner.runChild(BlockJUnit4ClassRunner.java:57)
	at org.junit.runners.ParentRunner$3.run(ParentRunner.java:290)
	at org.junit.runners.ParentRunner$1.schedule(ParentRunner.java:71)
	at org.junit.runners.ParentRunner.runChildren(ParentRunner.java:288)
	at org.junit.runners.ParentRunner.access$000(ParentRunner.java:58)
	at org.junit.runners.ParentRunner$2.evaluate(ParentRunner.java:268)
	at org.junit.runners.ParentRunner.run(ParentRunner.java:363)
	at org.gradle.api.internal.tasks.testing.junit.JUnitTestClassExecutor.runTestClass(JUnitTestClassExecutor.java:110)
	at org.gradle.api.internal.tasks.testing.junit.JUnitTestClassExecutor.execute(JUnitTestClassExecutor.java:58)
	at org.gradle.api.internal.tasks.testing.junit.JUnitTestClassExecutor.execute(JUnitTestClassExecutor.java:38)
	at org.gradle.api.internal.tasks.testing.junit.AbstractJUnitTestClassProcessor.processTestClass(AbstractJUnitTestClassProcessor.java:62)
	at org.gradle.api.internal.tasks.testing.SuiteTestClassProcessor.processTestClass(SuiteTestClassProcessor.java:51)
	at java.base/jdk.internal.reflect.NativeMethodAccessorImpl.invoke0(Native Method)
	at java.base/jdk.internal.reflect.NativeMethodAccessorImpl.invoke(NativeMethodAccessorImpl.java:77)
	at java.base/jdk.internal.reflect.DelegatingMethodAccessorImpl.invoke(DelegatingMethodAccessorImpl.java:43)
	at java.base/java.lang.reflect.Method.invoke(Method.java:568)
	at org.gradle.internal.dispatch.ReflectionDispatch.dispatch(ReflectionDispatch.java:36)
	at org.gradle.internal.dispatch.ReflectionDispatch.dispatch(ReflectionDispatch.java:24)
	at org.gradle.internal.dispatch.ContextClassLoaderDispatch.dispatch(ContextClassLoaderDispatch.java:33)
	at org.gradle.internal.dispatch.ProxyDispatchAdapter$DispatchingInvocationHandler.invoke(ProxyDispatchAdapter.java:94)
	at jdk.proxy1/jdk.proxy1.$Proxy2.processTestClass(Unknown Source)
	at org.gradle.api.internal.tasks.testing.worker.TestWorker$2.run(TestWorker.java:176)
	at org.gradle.api.internal.tasks.testing.worker.TestWorker.executeAndMaintainThreadName(TestWorker.java:129)
	at org.gradle.api.internal.tasks.testing.worker.TestWorker.execute(TestWorker.java:100)
	at org.gradle.api.internal.tasks.testing.worker.TestWorker.execute(TestWorker.java:60)
	at org.gradle.process.internal.worker.child.ActionExecutionWorker.execute(ActionExecutionWorker.java:56)
	at org.gradle.process.internal.worker.child.SystemApplicationClassLoaderWorker.call(SystemApplicationClassLoaderWorker.java:133)
	at org.gradle.process.internal.worker.child.SystemApplicationClassLoaderWorker.call(SystemApplicationClassLoaderWorker.java:71)
	at worker.org.gradle.process.internal.worker.GradleWorkerMain.run(GradleWorkerMain.java:69)
	at worker.org.gradle.process.internal.worker.GradleWorkerMain.main(GradleWorkerMain.java:74)
</failure>
  </testcase>
  <system-out><![CDATA[OWNERS [NativeState(accepted=true, active=true, armed=true, owner=1, token=1001, sequence=2, throttle=100, steering=-100, lastCommand=203, stopRevision=0, response=-), NativeState(accepted=true, active=true, armed=true, owner=1, token=1101, sequence=3, throttle=200, steering=-200, lastCommand=203, stopRevision=0, response=-), NativeState(accepted=true, active=true, armed=true, owner=1, token=1201, sequence=3, throttle=300, steering=-300, lastCommand=202, stopRevision=0, response=-), NativeState(accepted=true, active=true, armed=true, owner=1, token=1301, sequence=3, throttle=400, steering=-400, lastCommand=202, stopRevision=0, response=-), NativeState(accepted=true, active=true, armed=true, owner=1, token=1401, sequence=3, throttle=500, steering=-500, lastCommand=203, stopRevision=0, response=-), NativeState(accepted=true, active=true, armed=true, owner=1, token=1501, sequence=3, throttle=600, steering=-600, lastCommand=202, stopRevision=0, response=-)]
]]></system-out>
  <system-err><![CDATA[сент. 15, 2026 8:20:12 PM okhttp3.mockwebserver.MockWebServer$3 execute
INFO: MockWebServer[58818] starting to accept connections
сент. 15, 2026 8:20:12 PM okhttp3.mockwebserver.MockWebServer$3 execute
INFO: MockWebServer[58823] starting to accept connections
сент. 15, 2026 8:20:12 PM okhttp3.mockwebserver.MockWebServer$3 execute
INFO: MockWebServer[58822] starting to accept connections
сент. 15, 2026 8:20:12 PM okhttp3.mockwebserver.MockWebServer$3 execute
INFO: MockWebServer[58821] starting to accept connections
сент. 15, 2026 8:20:12 PM okhttp3.mockwebserver.MockWebServer$3 execute
INFO: MockWebServer[58820] starting to accept connections
сент. 15, 2026 8:20:12 PM okhttp3.mockwebserver.MockWebServer$3 execute
INFO: MockWebServer[58819] starting to accept connections
сент. 15, 2026 8:20:13 PM okhttp3.mockwebserver.MockWebServer$4 processOneRequest
INFO: MockWebServer[58818] received request: GET /control HTTP/1.1 and responded: HTTP/1.1 101 Switching Protocols
сент. 15, 2026 8:20:13 PM okhttp3.mockwebserver.MockWebServer$4 processOneRequest
INFO: MockWebServer[58822] received request: GET /control HTTP/1.1 and responded: HTTP/1.1 101 Switching Protocols
сент. 15, 2026 8:20:13 PM okhttp3.mockwebserver.MockWebServer$4 processOneRequest
INFO: MockWebServer[58821] received request: GET /control HTTP/1.1 and responded: HTTP/1.1 101 Switching Protocols
сент. 15, 2026 8:20:13 PM okhttp3.mockwebserver.MockWebServer$4 processOneRequest
INFO: MockWebServer[58820] received request: GET /control HTTP/1.1 and responded: HTTP/1.1 101 Switching Protocols
сент. 15, 2026 8:20:13 PM okhttp3.mockwebserver.MockWebServer$4 processOneRequest
INFO: MockWebServer[58819] received request: GET /control HTTP/1.1 and responded: HTTP/1.1 101 Switching Protocols
сент. 15, 2026 8:20:13 PM okhttp3.mockwebserver.MockWebServer$4 processOneRequest
INFO: MockWebServer[58818] received request: GET /control HTTP/1.1 and responded: HTTP/1.1 101 Switching Protocols
сент. 15, 2026 8:20:13 PM okhttp3.mockwebserver.MockWebServer$4 processOneRequest
INFO: MockWebServer[58823] received request: GET /control HTTP/1.1 and responded: HTTP/1.1 101 Switching Protocols
сент. 15, 2026 8:20:13 PM okhttp3.mockwebserver.MockWebServer$4 processOneRequest
INFO: MockWebServer[58821] received request: GET /control HTTP/1.1 and responded: HTTP/1.1 101 Switching Protocols
сент. 15, 2026 8:20:13 PM okhttp3.mockwebserver.MockWebServer$4 processOneRequest
INFO: MockWebServer[58820] received request: GET /control HTTP/1.1 and responded: HTTP/1.1 101 Switching Protocols
сент. 15, 2026 8:20:13 PM okhttp3.mockwebserver.MockWebServer$4 processOneRequest
INFO: MockWebServer[58819] received request: GET /control HTTP/1.1 and responded: HTTP/1.1 101 Switching Protocols
сент. 15, 2026 8:20:13 PM okhttp3.mockwebserver.MockWebServer$3 acceptConnections
INFO: MockWebServer[58818] done accepting connections: Socket closed
сент. 15, 2026 8:20:13 PM okhttp3.mockwebserver.MockWebServer$4 processOneRequest
INFO: MockWebServer[58823] received request: GET /control HTTP/1.1 and responded: HTTP/1.1 101 Switching Protocols
сент. 15, 2026 8:20:13 PM okhttp3.mockwebserver.MockWebServer$4 processOneRequest
INFO: MockWebServer[58822] received request: GET /control HTTP/1.1 and responded: HTTP/1.1 101 Switching Protocols
сент. 15, 2026 8:20:13 PM okhttp3.mockwebserver.MockWebServer$3 acceptConnections
INFO: MockWebServer[58819] done accepting connections: Socket closed
сент. 15, 2026 8:20:13 PM okhttp3.mockwebserver.MockWebServer$3 acceptConnections
INFO: MockWebServer[58820] done accepting connections: Socket closed
сент. 15, 2026 8:20:13 PM okhttp3.mockwebserver.MockWebServer$3 acceptConnections
INFO: MockWebServer[58821] done accepting connections: Socket closed
сент. 15, 2026 8:20:13 PM okhttp3.mockwebserver.MockWebServer$3 acceptConnections
INFO: MockWebServer[58822] done accepting connections: Socket closed
сент. 15, 2026 8:20:13 PM okhttp3.mockwebserver.MockWebServer$3 acceptConnections
INFO: MockWebServer[58823] done accepting connections: Socket closed
]]></system-err>
</testsuite>
