<?xml version="1.0" encoding="UTF-8"?>
<testsuite name="vea.raceremote.control.CarControlTest" tests="7" skipped="0" failures="0" errors="0" timestamp="2026-09-15T17:00:45" hostname="DESKTOP-LR64B4F" time="0.567">
  <properties/>
  <testcase name="helloAfterDeadlineCannotArm" classname="vea.raceremote.control.CarControlTest" time="0.278"/>
  <testcase name="helloBeforeDeadlineCanArm" classname="vea.raceremote.control.CarControlTest" time="0.005"/>
  <testcase name="helloAtDeadlineCannotArm" classname="vea.raceremote.control.CarControlTest" time="0.12"/>
  <testcase name="aWrongSessionAckCannotEnableControl" classname="vea.raceremote.control.CarControlTest" time="0.013"/>
  <testcase name="persistentSocketWaitsForAckAndStopsOnDeadline" classname="vea.raceremote.control.CarControlTest" time="0.142"/>
  <testcase name="codecMatchesFirmwareVectorAndRejectsMalformedInput" classname="vea.raceremote.control.CarControlTest" time="0.006"/>
  <testcase name="publicHostsAreRejectedBeforeConnecting" classname="vea.raceremote.control.CarControlTest" time="0.001"/>
  <system-out><![CDATA[]]></system-out>
  <system-err><![CDATA[сент. 15, 2026 8:00:46 PM okhttp3.mockwebserver.MockWebServer$3 execute
INFO: MockWebServer[62566] starting to accept connections
сент. 15, 2026 8:00:46 PM okhttp3.mockwebserver.MockWebServer$4 processOneRequest
INFO: MockWebServer[62566] received request: GET /control HTTP/1.1 and responded: HTTP/1.1 101 Switching Protocols
сент. 15, 2026 8:00:46 PM okhttp3.mockwebserver.MockWebServer$3 acceptConnections
INFO: MockWebServer[62566] done accepting connections: Socket closed
сент. 15, 2026 8:00:46 PM okhttp3.mockwebserver.MockWebServer$3 execute
INFO: MockWebServer[62572] starting to accept connections
сент. 15, 2026 8:00:46 PM okhttp3.mockwebserver.MockWebServer$4 processOneRequest
INFO: MockWebServer[62572] received request: GET /control HTTP/1.1 and responded: HTTP/1.1 101 Switching Protocols
сент. 15, 2026 8:00:46 PM okhttp3.mockwebserver.MockWebServer$3 acceptConnections
INFO: MockWebServer[62572] done accepting connections: Socket closed
сент. 15, 2026 8:00:46 PM okhttp3.mockwebserver.MockWebServer$3 execute
INFO: MockWebServer[62574] starting to accept connections
сент. 15, 2026 8:00:46 PM okhttp3.mockwebserver.MockWebServer$4 processOneRequest
INFO: MockWebServer[62574] received request: GET /control HTTP/1.1 and responded: HTTP/1.1 101 Switching Protocols
сент. 15, 2026 8:00:46 PM okhttp3.mockwebserver.MockWebServer$3 acceptConnections
INFO: MockWebServer[62574] done accepting connections: Socket closed
сент. 15, 2026 8:00:46 PM okhttp3.mockwebserver.MockWebServer$3 execute
INFO: MockWebServer[62581] starting to accept connections
сент. 15, 2026 8:00:46 PM okhttp3.mockwebserver.MockWebServer$4 processOneRequest
INFO: MockWebServer[62581] received request: GET /control HTTP/1.1 and responded: HTTP/1.1 101 Switching Protocols
сент. 15, 2026 8:00:46 PM okhttp3.mockwebserver.MockWebServer$3 acceptConnections
INFO: MockWebServer[62581] done accepting connections: Socket closed
сент. 15, 2026 8:00:46 PM okhttp3.mockwebserver.MockWebServer$3 execute
INFO: MockWebServer[62583] starting to accept connections
сент. 15, 2026 8:00:46 PM okhttp3.mockwebserver.MockWebServer$4 processOneRequest
INFO: MockWebServer[62583] received request: GET /control HTTP/1.1 and responded: HTTP/1.1 101 Switching Protocols
сент. 15, 2026 8:00:46 PM okhttp3.mockwebserver.MockWebServer$3 acceptConnections
INFO: MockWebServer[62583] done accepting connections: Socket closed
]]></system-err>
</testsuite>
