<?xml version="1.0" encoding="UTF-8"?>
<testsuite name="vea.raceremote.control.CarDiscoveryTest" tests="3" skipped="0" failures="0" errors="0" timestamp="2026-09-15T17:40:04" hostname="DESKTOP-LR64B4F" time="3.188">
  <properties/>
  <testcase name="cancellationCannotPublishResultsFromPreviousSearch" classname="vea.raceremote.control.CarDiscoveryTest" time="0.16"/>
  <testcase name="udpScanFindsTwoCarsAndRejectsOldNonceWithoutOpeningControl" classname="vea.raceremote.control.CarDiscoveryTest" time="3.026"/>
  <testcase name="sharedFirmwareVectorAndInvalidPackets" classname="vea.raceremote.control.CarDiscoveryTest" time="0.001"/>
  <system-out><![CDATA[]]></system-out>
  <system-err><![CDATA[]]></system-err>
</testsuite>
